<?xml version="1.0" encoding="UTF-8"?>
<!-- Generated by org.testng.reporters.JUnitXMLReporter -->
<testsuite ignored="2" hostname="DESKTOP-9B9M95V" failures="0" tests="3" name="Surefire test" time="9.208" errors="0" timestamp="2020-11-20T18:07:58 EST">
  <testcase classname="com.logmein.tests.CalculatorTest" name="infinityResultTest" time="5.908"/>
  <testcase classname="com.logmein.tests.CalculatorTest" name="invalidResultTest" time="1.246"/>
  <testcase classname="com.logmein.tests.CalculatorTest" name="validResultTest" time="1.96"/>
  <testcase classname="com.logmein.tests.AbstractTest" name="@AfterTest afterTest" time="0.0">
    <ignored/>
  </testcase> <!-- @AfterTest afterTest -->
  <testcase classname="com.logmein.tests.AbstractTest" name="@BeforeTest beforeTest" time="0.0">
    <ignored/>
  </testcase> <!-- @BeforeTest beforeTest -->
</testsuite> <!-- Surefire test -->
