<?xml version="1.0" encoding="UTF-8"?>
<!-- Generated by org.testng.reporters.JUnitXMLReporter -->
<testsuite ignored="2" hostname="DESKTOP-9B9M95V" failures="0" tests="3" name="Surefire test" time="9.581" errors="0" timestamp="2020-11-20T18:29:59 EST">
  <testcase classname="com.logmein.tests.CalculatorTest" name="infinityResultTest" time="6.294"/>
  <testcase classname="com.logmein.tests.CalculatorTest" name="invalidResultTest" time="1.22"/>
  <testcase classname="com.logmein.tests.CalculatorTest" name="validResultTest" time="1.976"/>
  <testcase classname="com.logmein.tests.AbstractTest" name="@AfterTest afterTest" time="0.0">
    <ignored/>
  </testcase> <!-- @AfterTest afterTest -->
  <testcase classname="com.logmein.tests.AbstractTest" name="@BeforeTest beforeTest" time="0.0">
    <ignored/>
  </testcase> <!-- @BeforeTest beforeTest -->
</testsuite> <!-- Surefire test -->
