<?xml version="1.0" encoding="UTF-8"?>
<testsuite xmlns:xsi="http://www.w3.org/2001/XMLSchema-instance" xsi:noNamespaceSchemaLocation="https://maven.apache.org/surefire/maven-surefire-plugin/xsd/surefire-test-report.xsd" name="TestSuite" time="10.022" tests="3" errors="0" skipped="0" failures="0">
  <properties>
[...]
</properties>
  <testcase name="infinityResultTest" classname="com.logmein.tests.CalculatorTest" time="6.297"/>
  <testcase name="invalidResultTest" classname="com.logmein.tests.CalculatorTest" time="1.221"/>
  <testcase name="validResultTest" classname="com.logmein.tests.CalculatorTest" time="1.976"/>
</testsuite>